TN:
SF:src\App.tsx
FN:18,App
FN:24,(anonymous_1)
FN:29,(anonymous_2)
FNF:3
FNH:0
FNDA:0,App
FNDA:0,(anonymous_1)
FNDA:0,(anonymous_2)
DA:14,0
DA:16,0
DA:19,0
DA:20,0
DA:21,0
DA:22,0
DA:24,0
DA:25,0
DA:26,0
DA:29,0
DA:30,0
DA:31,0
DA:32,0
DA:33,0
DA:34,0
DA:38,0
DA:39,0
DA:40,0
DA:43,0
DA:44,0
LF:20
LH:0
BRDA:22,0,0,0
BRDA:22,0,1,0
BRDA:31,1,0,0
BRDA:31,1,1,0
BRDA:38,2,0,0
BRDA:38,2,1,0
BRDA:47,3,0,0
BRDA:47,3,1,0
BRDA:48,4,0,0
BRDA:48,4,1,0
BRF:10
BRH:0
end_of_record
TN:
SF:src\components\auth\AuthForm.tsx
FN:4,(anonymous_0)
FNF:1
FNH:0
FNDA:0,(anonymous_0)
DA:4,0
DA:5,0
LF:2
LH:0
BRF:0
BRH:0
end_of_record
TN:
SF:src\components\auth\SocialAuthButton.tsx
FN:4,(anonymous_0)
FNF:1
FNH:0
FNDA:0,(anonymous_0)
DA:4,0
DA:5,0
LF:2
LH:0
BRF:0
BRH:0
end_of_record
TN:
SF:src\components\codex\CodexDetailModal.tsx
FN:20,(anonymous_0)
FNF:1
FNH:0
FNDA:0,(anonymous_0)
DA:20,0
DA:21,0
DA:23,0
LF:3
LH:0
BRDA:21,0,0,0
BRDA:21,0,1,0
BRF:2
BRH:0
end_of_record
TN:
SF:src\components\codex\CodexScreenSkeleton.tsx
FN:5,(anonymous_0)
FNF:1
FNH:0
FNDA:0,(anonymous_0)
DA:5,0
DA:6,0
LF:2
LH:0
BRF:0
BRH:0
end_of_record
TN:
SF:src\components\common\ErrorBoundary.tsx
FN:19,(anonymous_0)
FN:24,(anonymous_1)
FN:29,(anonymous_2)
FN:33,(anonymous_3)
FNF:4
FNH:0
FNDA:0,(anonymous_0)
FNDA:0,(anonymous_1)
FNDA:0,(anonymous_2)
FNDA:0,(anonymous_3)
DA:15,0
DA:21,0
DA:26,0
DA:29,0
DA:30,0
DA:34,0
DA:35,0
DA:53,0
LF:8
LH:0
BRDA:34,0,0,0
BRDA:34,0,1,0
BRF:2
BRH:0
end_of_record
TN:
SF:src\components\gamification\ProgressBadge.tsx
FN:12,ProgressBadge
FNF:1
FNH:0
FNDA:0,ProgressBadge
DA:13,0
DA:16,0
DA:17,0
DA:18,0
DA:19,0
DA:21,0
LF:6
LH:0
BRDA:13,0,0,0
BRDA:13,0,1,0
BRDA:16,1,0,0
BRDA:16,1,1,0
BRDA:17,2,0,0
BRDA:17,2,1,0
BRDA:18,3,0,0
BRDA:18,3,1,0
BRDA:19,4,0,0
BRDA:19,4,1,0
BRDA:27,5,0,0
BRDA:27,5,1,0
BRF:12
BRH:0
end_of_record
TN:
SF:src\components\gamify\GamifyScreenSkeleton.tsx
FN:5,(anonymous_0)
FNF:1
FNH:0
FNDA:0,(anonymous_0)
DA:5,0
DA:6,0
LF:2
LH:0
BRF:0
BRH:0
end_of_record
TN:
SF:src\components\gamify\LevelProgressCard.tsx
FN:11,LevelProgressCard
FNF:1
FNH:0
FNDA:0,LevelProgressCard
DA:12,0
DA:13,0
DA:14,0
DA:15,0
DA:16,0
DA:18,0
LF:6
LH:0
BRDA:11,0,0,0
BRDA:11,1,0,0
BRF:2
BRH:0
end_of_record
TN:
SF:src\components\gamify\QuestCompleteModal.tsx
FN:14,(anonymous_0)
FNF:1
FNH:0
FNDA:0,(anonymous_0)
DA:14,0
DA:15,0
LF:2
LH:0
BRF:0
BRH:0
end_of_record
TN:
SF:src\components\gamify\QuestItem.tsx
FN:7,(anonymous_0)
FNF:1
FNH:0
FNDA:0,(anonymous_0)
DA:7,0
DA:8,0
LF:2
LH:0
BRF:0
BRH:0
end_of_record
TN:
SF:src\components\gamify\Section.tsx
FN:4,(anonymous_0)
FNF:1
FNH:0
FNDA:0,(anonymous_0)
DA:4,0
DA:5,0
LF:2
LH:0
BRF:0
BRH:0
end_of_record
TN:
SF:src\components\heritage\ProgressBadge.tsx
FN:4,(anonymous_0)
FNF:1
FNH:0
FNDA:0,(anonymous_0)
DA:4,0
DA:5,0
LF:2
LH:0
BRF:0
BRH:0
end_of_record
TN:
SF:src\components\heritage\QuestCard.tsx
FN:15,(anonymous_0)
FNF:1
FNH:1
FNDA:3,(anonymous_0)
DA:7,1
DA:15,1
DA:16,3
LF:3
LH:3
BRF:0
BRH:0
end_of_record
TN:
SF:src\components\heritage\QuestCardSkeleton.tsx
FN:5,(anonymous_0)
FNF:1
FNH:1
FNDA:12,(anonymous_0)
DA:5,1
DA:6,12
LF:2
LH:2
BRF:0
BRH:0
end_of_record
TN:
SF:src\components\heritage\StoryCard.tsx
FN:14,(anonymous_0)
FN:19,(anonymous_1)
FNF:2
FNH:0
FNDA:0,(anonymous_0)
FNDA:0,(anonymous_1)
DA:14,0
DA:15,0
DA:16,0
DA:19,0
DA:20,0
LF:5
LH:0
BRF:0
BRH:0
end_of_record
TN:
SF:src\components\heritage\WisdomQuote.tsx
FN:10,(anonymous_0)
FNF:1
FNH:0
FNDA:0,(anonymous_0)
DA:10,0
DA:11,0
LF:2
LH:0
BRF:0
BRH:0
end_of_record
TN:
SF:src\components\loading\DiscoverScreenSkeleton.tsx
FN:5,(anonymous_0)
FN:11,(anonymous_1)
FNF:2
FNH:0
FNDA:0,(anonymous_0)
FNDA:0,(anonymous_1)
DA:5,0
DA:6,0
DA:11,0
DA:12,0
LF:4
LH:0
BRF:0
BRH:0
end_of_record
TN:
SF:src\components\loading\HomeScreenSkeleton.tsx
FN:5,(anonymous_0)
FNF:1
FNH:0
FNDA:0,(anonymous_0)
DA:5,0
DA:6,0
LF:2
LH:0
BRF:0
BRH:0
end_of_record
TN:
SF:src\components\loading\ProfileScreenSkeleton.tsx
FN:5,(anonymous_0)
FNF:1
FNH:0
FNDA:0,(anonymous_0)
DA:5,0
DA:6,0
LF:2
LH:0
BRF:0
BRH:0
end_of_record
TN:
SF:src\components\loading\WisdomScreenSkeleton.tsx
FN:5,(anonymous_0)
FN:12,(anonymous_1)
FNF:2
FNH:0
FNDA:0,(anonymous_0)
FNDA:0,(anonymous_1)
DA:5,0
DA:6,0
DA:12,0
DA:13,0
LF:4
LH:0
BRF:0
BRH:0
end_of_record
TN:
SF:src\components\profile\BadgeCard.tsx
FN:10,(anonymous_0)
FNF:1
FNH:0
FNDA:0,(anonymous_0)
DA:10,0
DA:11,0
LF:2
LH:0
BRF:0
BRH:0
end_of_record
TN:
SF:src\components\profile\ProfileScreenSkeleton.tsx
FN:5,(anonymous_0)
FNF:1
FNH:0
FNDA:0,(anonymous_0)
DA:5,0
DA:6,0
LF:2
LH:0
BRF:0
BRH:0
end_of_record
TN:
SF:src\components\profile\SettingsRow.tsx
FN:12,(anonymous_0)
FNF:1
FNH:0
FNDA:0,(anonymous_0)
DA:12,0
DA:13,0
LF:2
LH:0
BRDA:12,0,0,0
BRDA:14,1,0,0
BRDA:14,1,1,0
BRDA:15,2,0,0
BRDA:15,2,1,0
BRDA:16,3,0,0
BRDA:16,3,1,0
BRF:7
BRH:0
end_of_record
TN:
SF:src\components\profile\StatTile.tsx
FN:11,(anonymous_0)
FNF:1
FNH:0
FNDA:0,(anonymous_0)
DA:11,0
DA:12,0
LF:2
LH:0
BRF:0
BRH:0
end_of_record
TN:
SF:src\components\ui\Avatar.tsx
FN:11,(anonymous_0)
FNF:1
FNH:0
FNDA:0,(anonymous_0)
DA:11,0
DA:17,0
DA:18,0
LF:3
LH:0
BRDA:13,0,0,0
BRDA:14,1,0,0
BRDA:30,2,0,0
BRDA:30,2,1,0
BRDA:49,3,0,0
BRDA:49,3,1,0
BRF:6
BRH:0
end_of_record
TN:
SF:src\components\ui\Badge.tsx
FN:11,(anonymous_0)
FNF:1
FNH:0
FNDA:0,(anonymous_0)
DA:11,0
DA:17,0
LF:2
LH:0
BRDA:14,0,0,0
BRDA:15,1,0,0
BRF:2
BRH:0
end_of_record
TN:
SF:src\components\ui\Button.tsx
FN:12,(anonymous_0)
FNF:1
FNH:1
FNDA:2,(anonymous_0)
DA:12,2
DA:13,2
DA:14,2
DA:22,2
LF:4
LH:4
BRDA:12,0,0,2
BRDA:12,1,0,2
BRDA:24,2,0,0
BRDA:24,2,1,2
BRDA:29,3,0,0
BRDA:29,3,1,2
BRF:6
BRH:4
end_of_record
TN:
SF:src\components\ui\Card.tsx
FN:14,(anonymous_0)
FNF:1
FNH:1
FNDA:1,(anonymous_0)
DA:14,2
DA:24,1
LF:2
LH:2
BRDA:31,0,0,1
BRDA:31,0,1,0
BRDA:44,1,0,1
BRDA:44,1,1,0
BRDA:50,2,0,1
BRDA:50,2,1,0
BRDA:58,3,0,1
BRDA:58,3,1,0
BRDA:58,3,2,0
BRF:9
BRH:4
end_of_record
TN:
SF:src\components\ui\FilterChip.tsx
FN:10,(anonymous_0)
FNF:1
FNH:1
FNDA:9,(anonymous_0)
DA:10,2
DA:11,9
LF:2
LH:2
BRDA:15,0,0,5
BRDA:15,0,1,4
BRDA:22,1,0,5
BRDA:22,1,1,4
BRF:4
BRH:4
end_of_record
TN:
SF:src\components\ui\Input.tsx
FN:9,(anonymous_0)
FNF:1
FNH:0
FNDA:0,(anonymous_0)
DA:9,0
DA:10,0
LF:2
LH:0
BRDA:12,0,0,0
BRDA:12,0,1,0
BRDA:15,1,0,0
BRDA:15,1,1,0
BRDA:19,2,0,0
BRDA:19,2,1,0
BRF:6
BRH:0
end_of_record
TN:
SF:src\components\ui\Modal.tsx
FN:11,(anonymous_0)
FN:14,(anonymous_1)
FNF:2
FNH:0
FNDA:0,(anonymous_0)
FNDA:0,(anonymous_1)
DA:11,0
DA:12,0
DA:14,0
DA:15,0
DA:16,0
DA:22,0
DA:30,0
DA:62,0
LF:8
LH:0
BRDA:15,0,0,0
BRDA:15,0,1,0
BRDA:50,1,0,0
BRDA:50,1,1,0
BRF:4
BRH:0
end_of_record
TN:
SF:src\components\ui\PrimaryButton.tsx
FN:13,(anonymous_0)
FNF:1
FNH:0
FNDA:0,(anonymous_0)
DA:13,0
DA:20,0
LF:2
LH:0
BRDA:17,0,0,0
BRDA:22,1,0,0
BRDA:22,1,1,0
BRDA:26,2,0,0
BRDA:26,2,1,0
BRDA:29,3,0,0
BRDA:29,3,1,0
BRF:7
BRH:0
end_of_record
TN:
SF:src\components\ui\ProgressBar.tsx
FN:11,(anonymous_0)
FN:21,(anonymous_1)
FNF:2
FNH:0
FNDA:0,(anonymous_0)
FNDA:0,(anonymous_1)
DA:11,0
DA:19,0
DA:21,0
DA:22,0
DA:29,0
DA:34,0
LF:6
LH:0
BRDA:14,0,0,0
BRDA:15,1,0,0
BRDA:36,2,0,0
BRDA:36,2,1,0
BRF:4
BRH:0
end_of_record
TN:
SF:src\components\ui\SectionContainer.tsx
FN:10,(anonymous_0)
FNF:1
FNH:0
FNDA:0,(anonymous_0)
DA:10,1
DA:17,0
LF:2
LH:1
BRDA:24,0,0,0
BRDA:24,0,1,0
BRF:2
BRH:0
end_of_record
TN:
SF:src\components\ui\Skeleton.tsx
FN:22,(anonymous_0)
FN:25,(anonymous_1)
FN:29,(anonymous_2)
FNF:3
FNH:2
FNDA:36,(anonymous_0)
FNDA:36,(anonymous_1)
FNDA:0,(anonymous_2)
DA:22,1
DA:23,36
DA:25,36
DA:26,36
DA:29,36
DA:30,0
DA:36,0
DA:41,36
DA:46,36
LF:9
LH:7
BRF:0
BRH:0
end_of_record
TN:
SF:src\components\ui\TimeTravelPortal.tsx
FN:10,TimeTravelPortal
FNF:1
FNH:0
FNDA:0,TimeTravelPortal
DA:11,0
LF:1
LH:0
BRF:0
BRH:0
end_of_record
TN:
SF:src\context\UserProgressContext.tsx
FN:36,(anonymous_0)
FN:40,(anonymous_1)
FN:41,(anonymous_2)
FN:57,(anonymous_3)
FN:59,(anonymous_4)
FN:65,(anonymous_5)
FN:75,(anonymous_6)
FN:76,(anonymous_7)
FN:79,(anonymous_8)
FN:80,(anonymous_9)
FN:83,(anonymous_10)
FN:84,(anonymous_11)
FN:99,(anonymous_12)
FNF:13
FNH:0
FNDA:0,(anonymous_0)
FNDA:0,(anonymous_1)
FNDA:0,(anonymous_2)
FNDA:0,(anonymous_3)
FNDA:0,(anonymous_4)
FNDA:0,(anonymous_5)
FNDA:0,(anonymous_6)
FNDA:0,(anonymous_7)
FNDA:0,(anonymous_8)
FNDA:0,(anonymous_9)
FNDA:0,(anonymous_10)
FNDA:0,(anonymous_11)
FNDA:0,(anonymous_12)
DA:5,0
DA:21,0
DA:23,0
DA:36,0
DA:37,0
DA:38,0
DA:40,0
DA:41,0
DA:42,0
DA:43,0
DA:44,0
DA:45,0
DA:48,0
DA:50,0
DA:54,0
DA:57,0
DA:58,0
DA:59,0
DA:60,0
DA:65,0
DA:66,0
DA:70,0
DA:71,0
DA:75,0
DA:76,0
DA:79,0
DA:80,0
DA:83,0
DA:84,0
DA:85,0
DA:86,0
DA:87,0
DA:88,0
DA:92,0
DA:99,0
DA:100,0
DA:101,0
DA:102,0
DA:104,0
LF:39
LH:0
BRDA:44,0,0,0
BRDA:44,0,1,0
BRDA:58,1,0,0
BRDA:58,1,1,0
BRDA:70,2,0,0
BRDA:70,2,1,0
BRDA:101,3,0,0
BRDA:101,3,1,0
BRF:8
BRH:0
end_of_record
TN:
SF:src\hooks\useAuth.ts
FNF:0
FNH:0
LF:0
LH:0
BRF:0
BRH:0
end_of_record
TN:
SF:src\hooks\useGamification.ts
FNF:0
FNH:0
LF:0
LH:0
BRF:0
BRH:0
end_of_record
TN:
SF:src\hooks\useHeritage.ts
FN:18,(anonymous_0)
FN:21,(anonymous_1)
FN:39,(anonymous_2)
FN:44,(anonymous_3)
FN:64,(anonymous_4)
FN:69,(anonymous_5)
FN:105,(anonymous_6)
FN:109,(anonymous_7)
FNF:8
FNH:0
FNDA:0,(anonymous_0)
FNDA:0,(anonymous_1)
FNDA:0,(anonymous_2)
FNDA:0,(anonymous_3)
FNDA:0,(anonymous_4)
FNDA:0,(anonymous_5)
FNDA:0,(anonymous_6)
FNDA:0,(anonymous_7)
DA:18,0
DA:19,0
DA:22,0
DA:28,0
DA:29,0
DA:31,0
DA:39,0
DA:40,0
DA:42,0
DA:45,0
DA:47,0
DA:52,0
DA:53,0
DA:55,0
DA:64,0
DA:65,0
DA:66,0
DA:68,0
DA:70,0
DA:73,0
DA:80,0
DA:81,0
DA:84,0
DA:86,0
DA:92,0
DA:93,0
DA:96,0
DA:101,0
DA:102,0
DA:107,0
DA:110,0
LF:31
LH:0
BRDA:28,0,0,0
BRDA:28,0,1,0
BRDA:45,1,0,0
BRDA:45,1,1,0
BRDA:52,2,0,0
BRDA:52,2,1,0
BRDA:70,3,0,0
BRDA:70,3,1,0
BRDA:80,4,0,0
BRDA:80,4,1,0
BRDA:80,5,0,0
BRDA:80,5,1,0
BRDA:84,6,0,0
BRDA:84,6,1,0
BRDA:92,7,0,0
BRDA:92,7,1,0
BRDA:101,8,0,0
BRDA:101,8,1,0
BRF:18
BRH:0
end_of_record
TN:
SF:src\lib\notifications.ts
FN:7,(anonymous_0)
FN:17,registerForPushNotificationsAsync
FNF:2
FNH:0
FNDA:0,(anonymous_0)
FNDA:0,registerForPushNotificationsAsync
DA:6,0
DA:7,0
DA:20,0
DA:21,0
DA:29,0
DA:30,0
DA:32,0
DA:33,0
DA:34,0
DA:37,0
DA:38,0
DA:39,0
DA:42,0
DA:43,0
DA:44,0
DA:45,0
DA:48,0
DA:49,0
DA:50,0
DA:55,0
DA:56,0
DA:60,0
DA:63,0
LF:23
LH:0
BRDA:20,0,0,0
BRDA:20,0,1,0
BRDA:32,1,0,0
BRDA:32,1,1,0
BRDA:37,2,0,0
BRDA:37,2,1,0
BRDA:49,3,0,0
BRDA:49,3,1,0
BRDA:55,4,0,0
BRDA:55,4,1,0
BRF:10
BRH:0
end_of_record
TN:
SF:src\lib\supabase.ts
FNF:0
FNH:0
DA:5,0
DA:6,0
DA:8,0
DA:9,0
DA:12,0
LF:5
LH:0
BRDA:8,0,0,0
BRDA:8,0,1,0
BRDA:8,1,0,0
BRDA:8,1,1,0
BRF:4
BRH:0
end_of_record
TN:
SF:src\navigation\AppNavigator.tsx
FN:8,(anonymous_0)
FNF:1
FNH:0
FNDA:0,(anonymous_0)
DA:8,0
DA:9,0
DA:11,0
DA:12,0
DA:19,0
DA:20,0
DA:27,0
LF:7
LH:0
BRDA:11,0,0,0
BRDA:11,0,1,0
BRDA:11,1,0,0
BRDA:11,1,1,0
BRDA:19,2,0,0
BRDA:19,2,1,0
BRDA:21,3,0,0
BRDA:21,3,1,0
BRF:8
BRH:0
end_of_record
TN:
SF:src\navigation\AuthNavigator.tsx
FN:19,(anonymous_0)
FNF:1
FNH:0
FNDA:0,(anonymous_0)
DA:17,0
DA:19,0
DA:20,0
LF:3
LH:0
BRF:0
BRH:0
end_of_record
TN:
SF:src\navigation\MainStackNavigator.tsx
FN:11,MainStackNavigator
FNF:1
FNH:0
FNDA:0,MainStackNavigator
DA:9,0
DA:12,0
LF:2
LH:0
BRF:0
BRH:0
end_of_record
TN:
SF:src\navigation\TabNavigator.tsx
FN:14,(anonymous_0)
FN:17,(anonymous_1)
FN:19,(anonymous_2)
FNF:3
FNH:0
FNDA:0,(anonymous_0)
FNDA:0,(anonymous_1)
FNDA:0,(anonymous_2)
DA:12,0
DA:14,0
DA:15,0
DA:17,0
DA:22,0
DA:23,0
DA:24,0
DA:25,0
DA:26,0
DA:27,0
DA:28,0
DA:29,0
DA:31,0
DA:34,0
LF:14
LH:0
BRDA:22,0,0,0
BRDA:22,0,1,0
BRDA:24,1,0,0
BRDA:24,1,1,0
BRDA:26,2,0,0
BRDA:26,2,1,0
BRDA:28,3,0,0
BRDA:28,3,1,0
BRF:8
BRH:0
end_of_record
TN:
SF:src\screens\auth\LoginScreen.tsx
FN:20,(anonymous_0)
FN:30,(anonymous_1)
FN:53,(anonymous_2)
FN:70,(anonymous_3)
FN:85,(anonymous_4)
FNF:5
FNH:0
FNDA:0,(anonymous_0)
FNDA:0,(anonymous_1)
FNDA:0,(anonymous_2)
FNDA:0,(anonymous_3)
FNDA:0,(anonymous_4)
DA:20,0
DA:21,0
DA:22,0
DA:23,0
DA:25,0
DA:30,0
DA:31,0
DA:32,0
DA:33,0
DA:35,0
DA:36,0
DA:41,0
DA:54,0
DA:71,0
DA:85,0
LF:15
LH:0
BRDA:35,0,0,0
BRDA:35,0,1,0
BRF:2
BRH:0
end_of_record
TN:
SF:src\screens\auth\OnboardingScreen.tsx
FN:14,(anonymous_0)
FN:27,(anonymous_1)
FN:42,(anonymous_2)
FN:43,(anonymous_3)
FN:44,(anonymous_4)
FN:45,(anonymous_5)
FN:69,(anonymous_6)
FNF:7
FNH:2
FNDA:1,(anonymous_0)
FNDA:1,(anonymous_1)
FNDA:0,(anonymous_2)
FNDA:0,(anonymous_3)
FNDA:0,(anonymous_4)
FNDA:0,(anonymous_5)
FNDA:0,(anonymous_6)
DA:14,1
DA:15,1
DA:18,1
DA:19,1
DA:20,1
DA:21,1
DA:22,1
DA:23,1
DA:24,1
DA:25,1
DA:27,1
DA:28,1
DA:29,1
DA:31,1
DA:32,1
DA:34,1
DA:35,1
DA:37,1
DA:38,1
DA:42,1
DA:43,1
DA:44,1
DA:45,1
DA:47,1
DA:69,0
LF:25
LH:24
BRF:0
BRH:0
end_of_record
TN:
SF:src\screens\auth\SignupScreen.tsx
FN:20,(anonymous_0)
FN:30,(anonymous_1)
FN:55,(anonymous_2)
FN:70,(anonymous_3)
FN:87,(anonymous_4)
FN:102,(anonymous_5)
FNF:6
FNH:0
FNDA:0,(anonymous_0)
FNDA:0,(anonymous_1)
FNDA:0,(anonymous_2)
FNDA:0,(anonymous_3)
FNDA:0,(anonymous_4)
FNDA:0,(anonymous_5)
DA:20,0
DA:21,0
DA:22,0
DA:23,0
DA:25,0
DA:30,0
DA:31,0
DA:32,0
DA:33,0
DA:35,0
DA:36,0
DA:38,0
DA:39,0
DA:43,0
DA:56,0
DA:71,0
DA:88,0
DA:102,0
LF:18
LH:0
BRDA:35,0,0,0
BRDA:35,0,1,0
BRF:2
BRH:0
end_of_record
TN:
SF:src\screens\auth\SplashScreen.tsx
FN:9,(anonymous_0)
FN:13,(anonymous_1)
FN:14,(anonymous_2)
FN:18,(anonymous_3)
FNF:4
FNH:0
FNDA:0,(anonymous_0)
FNDA:0,(anonymous_1)
FNDA:0,(anonymous_2)
FNDA:0,(anonymous_3)
DA:9,0
DA:10,0
DA:13,0
DA:14,0
DA:15,0
DA:18,0
DA:21,0
LF:7
LH:0
BRF:0
BRH:0
end_of_record
TN:
SF:src\screens\main\CodexScreen.tsx
FN:30,(anonymous_0)
FN:47,(anonymous_1)
FN:61,(anonymous_2)
FN:61,(anonymous_3)
FN:62,(anonymous_4)
FN:70,(anonymous_5)
FN:75,(anonymous_6)
FN:77,(anonymous_7)
FN:82,(anonymous_8)
FN:110,(anonymous_9)
FN:111,(anonymous_10)
FN:111,(anonymous_11)
FN:112,(anonymous_12)
FN:112,(anonymous_13)
FN:113,(anonymous_14)
FN:113,(anonymous_15)
FNF:16
FNH:0
FNDA:0,(anonymous_0)
FNDA:0,(anonymous_1)
FNDA:0,(anonymous_2)
FNDA:0,(anonymous_3)
FNDA:0,(anonymous_4)
FNDA:0,(anonymous_5)
FNDA:0,(anonymous_6)
FNDA:0,(anonymous_7)
FNDA:0,(anonymous_8)
FNDA:0,(anonymous_9)
FNDA:0,(anonymous_10)
FNDA:0,(anonymous_11)
FNDA:0,(anonymous_12)
FNDA:0,(anonymous_13)
FNDA:0,(anonymous_14)
FNDA:0,(anonymous_15)
DA:18,0
DA:20,0
DA:30,0
DA:31,0
DA:47,0
DA:48,0
DA:49,0
DA:56,0
DA:61,0
DA:62,0
DA:70,0
DA:71,0
DA:72,0
DA:73,0
DA:75,0
DA:77,0
DA:78,0
DA:79,0
DA:82,0
DA:83,0
DA:84,0
DA:87,0
DA:88,0
DA:95,0
DA:110,0
DA:111,0
DA:112,0
DA:113,0
LF:28
LH:0
BRDA:48,0,0,0
BRDA:48,0,1,0
BRDA:87,1,0,0
BRDA:87,1,1,0
BRF:4
BRH:0
end_of_record
TN:
SF:src\screens\main\DiscoverScreen.tsx
FN:33,DiscoverScreen
FN:42,(anonymous_1)
FN:43,(anonymous_2)
FN:50,(anonymous_3)
FN:59,(anonymous_4)
FN:60,(anonymous_5)
FN:77,(anonymous_6)
FN:84,(anonymous_7)
FN:95,(anonymous_8)
FN:101,(anonymous_9)
FN:128,(anonymous_10)
FN:133,(anonymous_11)
FN:141,(anonymous_12)
FN:144,(anonymous_13)
FN:146,(anonymous_14)
FN:153,(anonymous_15)
FN:164,(anonymous_16)
FN:176,(anonymous_17)
FN:182,(anonymous_18)
FN:205,(anonymous_19)
FN:214,(anonymous_20)
FNF:21
FNH:12
FNDA:4,DiscoverScreen
FNDA:2,(anonymous_1)
FNDA:2,(anonymous_2)
FNDA:3,(anonymous_3)
FNDA:4,(anonymous_4)
FNDA:3,(anonymous_5)
FNDA:8,(anonymous_6)
FNDA:0,(anonymous_7)
FNDA:4,(anonymous_8)
FNDA:0,(anonymous_9)
FNDA:7,(anonymous_10)
FNDA:0,(anonymous_11)
FNDA:4,(anonymous_12)
FNDA:15,(anonymous_13)
FNDA:15,(anonymous_14)
FNDA:0,(anonymous_15)
FNDA:0,(anonymous_16)
FNDA:0,(anonymous_17)
FNDA:0,(anonymous_18)
FNDA:0,(anonymous_19)
FNDA:0,(anonymous_20)
DA:29,1
DA:34,4
DA:35,4
DA:36,4
DA:37,4
DA:38,4
DA:39,4
DA:40,4
DA:42,4
DA:43,2
DA:44,2
DA:45,2
DA:46,2
DA:47,0
DA:49,2
DA:50,3
DA:51,2
DA:53,2
DA:56,2
DA:59,4
DA:60,4
DA:61,3
DA:62,3
DA:63,3
DA:68,4
DA:77,4
DA:78,8
DA:84,0
DA:95,4
DA:96,4
DA:129,7
DA:133,0
DA:141,4
DA:142,4
DA:144,15
DA:147,15
DA:153,0
DA:164,4
DA:165,0
DA:177,0
DA:184,0
DA:207,0
DA:214,4
DA:215,0
DA:228,4
LF:45
LH:36
BRDA:46,0,0,0
BRDA:46,0,1,2
BRDA:61,1,0,3
BRDA:61,1,1,0
BRDA:63,2,0,3
BRDA:63,2,1,3
BRDA:80,3,0,4
BRDA:80,3,1,4
BRDA:86,4,0,4
BRDA:86,4,1,4
BRDA:89,5,0,4
BRDA:89,5,1,4
BRDA:126,6,0,4
BRDA:126,6,1,4
BRDA:143,7,0,2
BRDA:143,7,1,2
BRDA:144,8,0,12
BRDA:144,8,1,3
BRDA:147,9,0,12
BRDA:147,9,1,3
BRDA:159,10,0,2
BRDA:159,10,1,2
BRDA:231,11,0,4
BRDA:231,11,1,0
BRF:24
BRH:21
end_of_record
TN:
SF:src\screens\main\GamifyScreen.tsx
FN:48,(anonymous_0)
FN:52,(anonymous_1)
FN:54,(anonymous_2)
FN:61,(anonymous_3)
FN:105,(anonymous_4)
FN:123,(anonymous_5)
FN:175,(anonymous_6)
FN:180,(anonymous_7)
FN:227,(anonymous_8)
FNF:9
FNH:0
FNDA:0,(anonymous_0)
FNDA:0,(anonymous_1)
FNDA:0,(anonymous_2)
FNDA:0,(anonymous_3)
FNDA:0,(anonymous_4)
FNDA:0,(anonymous_5)
FNDA:0,(anonymous_6)
FNDA:0,(anonymous_7)
FNDA:0,(anonymous_8)
DA:23,0
DA:30,0
DA:38,0
DA:48,0
DA:49,0
DA:50,0
DA:52,0
DA:54,0
DA:55,0
DA:61,0
DA:72,0
DA:73,0
DA:80,0
DA:105,0
DA:124,0
DA:176,0
DA:182,0
DA:229,0
LF:18
LH:0
BRDA:57,0,0,0
BRDA:57,0,1,0
BRDA:63,1,0,0
BRDA:63,1,1,0
BRDA:66,2,0,0
BRDA:66,2,1,0
BRDA:72,3,0,0
BRDA:72,3,1,0
BRDA:96,4,0,0
BRDA:96,4,1,0
BRDA:104,5,0,0
BRDA:104,5,1,0
BRDA:188,6,0,0
BRDA:188,6,1,0
BRDA:190,7,0,0
BRDA:190,7,1,0
BRDA:190,8,0,0
BRDA:190,8,1,0
BRDA:199,9,0,0
BRDA:199,9,1,0
BRF:20
BRH:0
end_of_record
TN:
SF:src\screens\main\HomeScreen.tsx
FN:26,HomeScreen
FN:37,(anonymous_1)
FN:40,(anonymous_2)
FN:41,(anonymous_3)
FN:59,(anonymous_4)
FN:62,(anonymous_5)
FN:66,(anonymous_6)
FN:69,(anonymous_7)
FN:73,(anonymous_8)
FN:76,(anonymous_9)
FN:88,(anonymous_10)
FN:131,(anonymous_11)
FN:159,(anonymous_12)
FN:163,(anonymous_13)
FN:189,(anonymous_14)
FN:199,(anonymous_15)
FN:204,(anonymous_16)
FN:214,(anonymous_17)
FNF:18
FNH:0
FNDA:0,HomeScreen
FNDA:0,(anonymous_1)
FNDA:0,(anonymous_2)
FNDA:0,(anonymous_3)
FNDA:0,(anonymous_4)
FNDA:0,(anonymous_5)
FNDA:0,(anonymous_6)
FNDA:0,(anonymous_7)
FNDA:0,(anonymous_8)
FNDA:0,(anonymous_9)
FNDA:0,(anonymous_10)
FNDA:0,(anonymous_11)
FNDA:0,(anonymous_12)
FNDA:0,(anonymous_13)
FNDA:0,(anonymous_14)
FNDA:0,(anonymous_15)
FNDA:0,(anonymous_16)
FNDA:0,(anonymous_17)
DA:27,0
DA:28,0
DA:31,0
DA:32,0
DA:34,0
DA:37,0
DA:38,0
DA:40,0
DA:41,0
DA:44,0
DA:45,0
DA:51,0
DA:52,0
DA:53,0
DA:59,0
DA:60,0
DA:62,0
DA:63,0
DA:66,0
DA:67,0
DA:69,0
DA:73,0
DA:74,0
DA:76,0
DA:77,0
DA:78,0
DA:80,0
DA:83,0
DA:84,0
DA:87,0
DA:88,0
DA:89,0
DA:90,0
DA:93,0
DA:110,0
DA:131,0
DA:159,0
DA:163,0
DA:189,0
DA:199,0
DA:204,0
DA:214,0
LF:42
LH:0
BRDA:34,0,0,0
BRDA:34,0,1,0
BRDA:38,1,0,0
BRDA:38,1,1,0
BRDA:38,2,0,0
BRDA:38,2,1,0
BRDA:41,3,0,0
BRDA:41,3,1,0
BRDA:44,4,0,0
BRDA:44,4,1,0
BRDA:60,5,0,0
BRDA:60,5,1,0
BRDA:60,6,0,0
BRDA:60,6,1,0
BRDA:67,7,0,0
BRDA:67,7,1,0
BRDA:74,8,0,0
BRDA:74,8,1,0
BRDA:74,9,0,0
BRDA:74,9,1,0
BRDA:78,10,0,0
BRDA:78,10,1,0
BRDA:83,11,0,0
BRDA:83,11,1,0
BRDA:87,12,0,0
BRDA:87,12,1,0
BRDA:87,13,0,0
BRDA:87,13,1,0
BRDA:89,14,0,0
BRDA:89,14,1,0
BRDA:90,15,0,0
BRDA:90,15,1,0
BRDA:120,16,0,0
BRDA:120,16,1,0
BRDA:126,17,0,0
BRDA:126,17,1,0
BRDA:169,18,0,0
BRDA:169,18,1,0
BRDA:182,19,0,0
BRDA:182,19,1,0
BRF:40
BRH:0
end_of_record
TN:
SF:src\screens\main\LeaderboardScreen.tsx
FN:12,(anonymous_0)
FN:16,(anonymous_1)
FN:17,(anonymous_2)
FN:49,(anonymous_3)
FN:50,(anonymous_4)
FNF:5
FNH:0
FNDA:0,(anonymous_0)
FNDA:0,(anonymous_1)
FNDA:0,(anonymous_2)
FNDA:0,(anonymous_3)
FNDA:0,(anonymous_4)
DA:12,0
DA:13,0
DA:14,0
DA:16,0
DA:17,0
DA:18,0
DA:19,0
DA:24,0
DA:25,0
DA:27,0
DA:29,0
DA:32,0
DA:35,0
DA:36,0
DA:43,0
DA:49,0
DA:51,0
LF:17
LH:0
BRDA:24,0,0,0
BRDA:24,0,1,0
BRDA:35,1,0,0
BRDA:35,1,1,0
BRF:4
BRH:0
end_of_record
TN:
SF:src\screens\main\ProfileScreen.tsx
FN:50,ProfileScreen
FN:120,(anonymous_1)
FN:129,(anonymous_2)
FN:138,(anonymous_3)
FN:155,(anonymous_4)
FN:202,(anonymous_5)
FN:208,(anonymous_6)
FN:214,(anonymous_7)
FN:220,(anonymous_8)
FNF:9
FNH:0
FNDA:0,ProfileScreen
FNDA:0,(anonymous_1)
FNDA:0,(anonymous_2)
FNDA:0,(anonymous_3)
FNDA:0,(anonymous_4)
FNDA:0,(anonymous_5)
FNDA:0,(anonymous_6)
FNDA:0,(anonymous_7)
FNDA:0,(anonymous_8)
DA:29,0
DA:41,0
DA:48,0
DA:51,0
DA:52,0
DA:54,0
DA:55,0
DA:56,0
DA:58,0
DA:59,0
DA:66,0
DA:156,0
LF:12
LH:0
BRDA:58,0,0,0
BRDA:58,0,1,0
BRF:2
BRH:0
end_of_record
TN:
SF:src\screens\main\QuestDetailsScreen.tsx
FN:12,(anonymous_0)
FN:20,(anonymous_1)
FN:26,(anonymous_2)
FN:34,(anonymous_3)
FN:42,(anonymous_4)
FN:43,(anonymous_5)
FN:64,(anonymous_6)
FN:86,(anonymous_7)
FN:97,(anonymous_8)
FN:109,(anonymous_9)
FN:131,(anonymous_10)
FN:137,(anonymous_11)
FNF:12
FNH:0
FNDA:0,(anonymous_0)
FNDA:0,(anonymous_1)
FNDA:0,(anonymous_2)
FNDA:0,(anonymous_3)
FNDA:0,(anonymous_4)
FNDA:0,(anonymous_5)
FNDA:0,(anonymous_6)
FNDA:0,(anonymous_7)
FNDA:0,(anonymous_8)
FNDA:0,(anonymous_9)
FNDA:0,(anonymous_10)
FNDA:0,(anonymous_11)
DA:12,0
DA:13,0
DA:20,0
DA:21,0
DA:26,0
DA:27,0
DA:34,0
DA:35,0
DA:36,0
DA:37,0
DA:39,0
DA:40,0
DA:42,0
DA:43,0
DA:44,0
DA:45,0
DA:46,0
DA:52,0
DA:53,0
DA:54,0
DA:56,0
DA:58,0
DA:61,0
DA:64,0
DA:65,0
DA:66,0
DA:68,0
DA:82,0
DA:83,0
DA:86,0
DA:93,0
DA:94,0
DA:97,0
DA:104,0
DA:110,0
DA:131,0
DA:137,0
DA:148,0
LF:38
LH:0
BRDA:15,0,0,0
BRDA:15,0,1,0
BRDA:44,1,0,0
BRDA:44,1,1,0
BRDA:52,2,0,0
BRDA:52,2,1,0
BRDA:65,3,0,0
BRDA:65,3,1,0
BRDA:82,4,0,0
BRDA:82,4,1,0
BRDA:93,5,0,0
BRDA:93,5,1,0
BRF:12
BRH:0
end_of_record
TN:
SF:src\screens\main\QuestGameplayScreen.tsx
FN:14,(anonymous_0)
FN:27,(anonymous_1)
FN:28,(anonymous_2)
FN:43,(anonymous_3)
FN:56,(anonymous_4)
FN:59,(anonymous_5)
FN:67,(anonymous_6)
FN:80,(anonymous_7)
FN:85,(anonymous_8)
FN:105,(anonymous_9)
FN:114,(anonymous_10)
FN:132,(anonymous_11)
FN:135,(anonymous_12)
FNF:13
FNH:0
FNDA:0,(anonymous_0)
FNDA:0,(anonymous_1)
FNDA:0,(anonymous_2)
FNDA:0,(anonymous_3)
FNDA:0,(anonymous_4)
FNDA:0,(anonymous_5)
FNDA:0,(anonymous_6)
FNDA:0,(anonymous_7)
FNDA:0,(anonymous_8)
FNDA:0,(anonymous_9)
FNDA:0,(anonymous_10)
FNDA:0,(anonymous_11)
FNDA:0,(anonymous_12)
DA:14,0
DA:15,0
DA:16,0
DA:17,0
DA:18,0
DA:20,0
DA:21,0
DA:22,0
DA:23,0
DA:24,0
DA:25,0
DA:27,0
DA:28,0
DA:29,0
DA:30,0
DA:31,0
DA:37,0
DA:38,0
DA:39,0
DA:41,0
DA:43,0
DA:48,0
DA:50,0
DA:53,0
DA:56,0
DA:57,0
DA:59,0
DA:60,0
DA:62,0
DA:63,0
DA:64,0
DA:67,0
DA:68,0
DA:69,0
DA:70,0
DA:71,0
DA:72,0
DA:74,0
DA:75,0
DA:76,0
DA:80,0
DA:81,0
DA:82,0
DA:85,0
DA:86,0
DA:87,0
DA:88,0
DA:89,0
DA:92,0
DA:93,0
DA:100,0
DA:101,0
DA:105,0
DA:112,0
DA:114,0
DA:133,0
DA:135,0
LF:57
LH:0
BRDA:29,0,0,0
BRDA:29,0,1,0
BRDA:37,1,0,0
BRDA:37,1,1,0
BRDA:56,2,0,0
BRDA:56,2,1,0
BRDA:60,3,0,0
BRDA:60,3,1,0
BRDA:68,4,0,0
BRDA:68,4,1,0
BRDA:69,5,0,0
BRDA:69,5,1,0
BRDA:86,6,0,0
BRDA:86,6,1,0
BRDA:87,7,0,0
BRDA:87,7,1,0
BRDA:88,8,0,0
BRDA:88,8,1,0
BRDA:92,9,0,0
BRDA:92,9,1,0
BRDA:100,10,0,0
BRDA:100,10,1,0
BRDA:100,11,0,0
BRDA:100,11,1,0
BRDA:103,12,0,0
BRDA:103,12,1,0
BRDA:144,13,0,0
BRDA:144,13,1,0
BRDA:146,14,0,0
BRDA:146,14,1,0
BRF:30
BRH:0
end_of_record
TN:
SF:src\screens\main\StoryReaderScreen.tsx
FN:16,(anonymous_0)
FN:21,StoryReaderScreen
FN:30,(anonymous_2)
FN:31,(anonymous_3)
FN:34,(anonymous_4)
FN:35,(anonymous_5)
FN:38,(anonymous_6)
FN:66,(anonymous_7)
FN:88,(anonymous_8)
FNF:9
FNH:0
FNDA:0,(anonymous_0)
FNDA:0,StoryReaderScreen
FNDA:0,(anonymous_2)
FNDA:0,(anonymous_3)
FNDA:0,(anonymous_4)
FNDA:0,(anonymous_5)
FNDA:0,(anonymous_6)
FNDA:0,(anonymous_7)
FNDA:0,(anonymous_8)
DA:16,0
DA:17,0
DA:18,0
DA:22,0
DA:23,0
DA:24,0
DA:26,0
DA:27,0
DA:28,0
DA:30,0
DA:31,0
DA:34,0
DA:35,0
DA:38,0
DA:39,0
DA:40,0
DA:50,0
DA:51,0
DA:58,0
DA:59,0
DA:66,0
DA:71,0
DA:73,0
DA:88,0
LF:24
LH:0
BRDA:39,0,0,0
BRDA:39,0,1,0
BRDA:50,1,0,0
BRDA:50,1,1,0
BRDA:58,2,0,0
BRDA:58,2,1,0
BRDA:114,3,0,0
BRDA:114,3,1,0
BRDA:116,4,0,0
BRDA:116,4,1,0
BRDA:118,5,0,0
BRDA:118,5,1,0
BRDA:119,6,0,0
BRDA:119,6,1,0
BRF:14
BRH:0
end_of_record
TN:
SF:src\screens\main\WisdomScreen.tsx
FN:15,WisdomScreen
FN:22,(anonymous_1)
FN:26,(anonymous_2)
FN:27,(anonymous_3)
FN:29,(anonymous_4)
FN:32,(anonymous_5)
FN:44,(anonymous_6)
FN:67,(anonymous_7)
FN:68,(anonymous_8)
FN:83,(anonymous_9)
FNF:10
FNH:0
FNDA:0,WisdomScreen
FNDA:0,(anonymous_1)
FNDA:0,(anonymous_2)
FNDA:0,(anonymous_3)
FNDA:0,(anonymous_4)
FNDA:0,(anonymous_5)
FNDA:0,(anonymous_6)
FNDA:0,(anonymous_7)
FNDA:0,(anonymous_8)
FNDA:0,(anonymous_9)
DA:16,0
DA:17,0
DA:19,0
DA:20,0
DA:22,0
DA:23,0
DA:25,0
DA:26,0
DA:27,0
DA:29,0
DA:32,0
DA:33,0
DA:39,0
DA:40,0
DA:43,0
DA:44,0
DA:45,0
DA:46,0
DA:49,0
DA:63,0
DA:67,0
DA:69,0
DA:84,0
LF:23
LH:0
BRDA:19,0,0,0
BRDA:19,0,1,0
BRDA:20,1,0,0
BRDA:20,1,1,0
BRDA:23,2,0,0
BRDA:23,2,1,0
BRDA:23,3,0,0
BRDA:23,3,1,0
BRDA:39,4,0,0
BRDA:39,4,1,0
BRDA:43,5,0,0
BRDA:43,5,1,0
BRDA:45,6,0,0
BRDA:45,6,1,0
BRDA:46,7,0,0
BRDA:46,7,1,0
BRDA:69,8,0,0
BRDA:69,8,1,0
BRF:18
BRH:0
end_of_record
TN:
SF:src\services\analytics.ts
FNF:0
FNH:0
LF:0
LH:0
BRF:0
BRH:0
end_of_record
TN:
SF:src\services\gamification.ts
FN:3,(anonymous_0)
FN:12,(anonymous_1)
FN:13,(anonymous_2)
FN:16,(anonymous_3)
FN:17,(anonymous_4)
FN:62,(anonymous_5)
FN:63,(anonymous_6)
FN:63,(anonymous_7)
FN:64,(anonymous_8)
FN:73,(anonymous_9)
FN:73,(anonymous_10)
FN:80,(anonymous_11)
FN:80,(anonymous_12)
FN:87,(anonymous_13)
FN:87,(anonymous_14)
FN:94,(anonymous_15)
FN:94,(anonymous_16)
FN:101,(anonymous_17)
FN:101,(anonymous_18)
FN:108,(anonymous_19)
FN:108,(anonymous_20)
FN:116,(anonymous_21)
FN:118,(anonymous_22)
FN:126,(anonymous_23)
FN:128,(anonymous_24)
FN:136,(anonymous_25)
FN:138,(anonymous_26)
FN:147,(anonymous_27)
FN:149,(anonymous_28)
FN:157,(anonymous_29)
FN:159,(anonymous_30)
FN:168,(anonymous_31)
FN:169,(anonymous_32)
FN:179,(anonymous_33)
FN:186,(anonymous_34)
FN:190,(anonymous_35)
FN:191,(anonymous_36)
FNF:37
FNH:37
FNDA:19,(anonymous_0)
FNDA:54,(anonymous_1)
FNDA:50,(anonymous_2)
FNDA:50,(anonymous_3)
FNDA:35,(anonymous_4)
FNDA:35,(anonymous_5)
FNDA:115,(anonymous_6)
FNDA:110,(anonymous_7)
FNDA:65,(anonymous_8)
FNDA:7,(anonymous_9)
FNDA:23,(anonymous_10)
FNDA:7,(anonymous_11)
FNDA:23,(anonymous_12)
FNDA:7,(anonymous_13)
FNDA:23,(anonymous_14)
FNDA:7,(anonymous_15)
FNDA:23,(anonymous_16)
FNDA:7,(anonymous_17)
FNDA:23,(anonymous_18)
FNDA:7,(anonymous_19)
FNDA:23,(anonymous_20)
FNDA:7,(anonymous_21)
FNDA:6,(anonymous_22)
FNDA:7,(anonymous_23)
FNDA:10,(anonymous_24)
FNDA:7,(anonymous_25)
FNDA:10,(anonymous_26)
FNDA:7,(anonymous_27)
FNDA:6,(anonymous_28)
FNDA:7,(anonymous_29)
FNDA:10,(anonymous_30)
FNDA:7,(anonymous_31)
FNDA:23,(anonymous_32)
FNDA:7,(anonymous_33)
FNDA:7,(anonymous_34)
FNDA:7,(anonymous_35)
FNDA:98,(anonymous_36)
DA:3,1
DA:4,19
DA:5,1
DA:9,18
DA:12,54
DA:13,50
DA:16,50
DA:17,35
DA:19,18
DA:20,3
DA:23,15
DA:24,15
DA:27,15
DA:28,15
DA:30,15
DA:31,8
DA:34,7
DA:35,7
DA:36,23
DA:37,23
DA:38,23
DA:40,23
DA:41,22
DA:43,1
DA:47,7
DA:62,1
DA:63,115
DA:64,65
DA:67,1
DA:73,23
DA:80,23
DA:87,23
DA:94,23
DA:101,23
DA:108,23
DA:117,7
DA:118,7
DA:127,7
DA:128,10
DA:137,7
DA:138,10
DA:148,7
DA:149,7
DA:158,7
DA:159,10
DA:169,23
DA:170,7
DA:179,7
DA:186,7
DA:190,1
DA:191,98
LF:51
LH:51
BRDA:4,0,0,1
BRDA:4,0,1,18
BRDA:12,1,0,54
BRDA:12,1,1,50
BRDA:19,2,0,3
BRDA:19,2,1,15
BRDA:30,3,0,8
BRDA:30,3,1,7
BRDA:40,4,0,22
BRDA:40,4,1,1
BRDA:170,5,0,7
BRDA:170,5,1,6
BRF:12
BRH:12
end_of_record
TN:
SF:src\services\openai.ts
FNF:0
FNH:0
LF:0
LH:0
BRF:0
BRH:0
end_of_record
TN:
SF:src\services\supabase.ts
FNF:0
FNH:0
DA:73,0
DA:74,0
DA:77,0
LF:3
LH:0
BRF:0
BRH:0
end_of_record
TN:
SF:src\stores\authStore.ts
FN:20,(anonymous_0)
FN:27,(anonymous_1)
FN:37,(anonymous_2)
FN:73,(anonymous_3)
FN:77,(anonymous_4)
FN:86,(anonymous_5)
FN:94,(anonymous_6)
FN:133,(anonymous_7)
FNF:8
FNH:6
FNDA:1,(anonymous_0)
FNDA:3,(anonymous_1)
FNDA:2,(anonymous_2)
FNDA:1,(anonymous_3)
FNDA:3,(anonymous_4)
FNDA:1,(anonymous_5)
FNDA:0,(anonymous_6)
FNDA:0,(anonymous_7)
DA:20,1
DA:28,3
DA:29,3
DA:30,2
DA:31,1
DA:33,1
DA:38,2
DA:39,2
DA:49,2
DA:51,1
DA:52,1
DA:62,1
DA:63,0
DA:67,1
DA:69,0
DA:74,1
DA:78,3
DA:79,3
DA:80,3
DA:82,2
DA:84,2
DA:86,1
DA:88,1
DA:90,0
DA:95,0
DA:96,0
DA:98,0
DA:99,0
DA:100,0
DA:102,0
DA:103,0
DA:104,0
DA:110,0
DA:111,0
DA:112,0
DA:114,0
DA:115,0
DA:123,0
DA:124,0
DA:127,0
DA:128,0
DA:133,0
DA:134,0
DA:135,0
DA:137,0
DA:138,0
DA:139,0
DA:145,0
DA:146,0
DA:147,0
DA:148,0
DA:149,0
DA:157,0
DA:158,0
DA:161,0
DA:162,0
DA:166,0
DA:167,0
DA:171,0
DA:174,0
DA:177,0
DA:178,0
LF:62
LH:21
BRDA:30,0,0,1
BRDA:30,0,1,1
BRDA:49,1,0,1
BRDA:49,1,1,1
BRDA:51,2,0,1
BRDA:51,2,1,0
BRDA:62,3,0,0
BRDA:62,3,1,1
BRDA:80,4,0,1
BRDA:80,4,1,2
BRDA:84,5,0,1
BRDA:84,5,1,1
BRDA:86,6,0,1
BRDA:86,6,1,0
BRDA:99,7,0,0
BRDA:99,7,1,0
BRDA:100,8,0,0
BRDA:100,8,1,0
BRDA:102,9,0,0
BRDA:102,9,1,0
BRDA:110,10,0,0
BRDA:110,10,1,0
BRDA:110,11,0,0
BRDA:110,11,1,0
BRDA:112,12,0,0
BRDA:112,12,1,0
BRDA:123,13,0,0
BRDA:123,13,1,0
BRDA:135,14,0,0
BRDA:135,14,1,0
BRDA:137,15,0,0
BRDA:137,15,1,0
BRDA:137,16,0,0
BRDA:137,16,1,0
BRDA:137,16,2,0
BRDA:145,17,0,0
BRDA:145,17,1,0
BRDA:145,18,0,0
BRDA:145,18,1,0
BRDA:147,19,0,0
BRDA:147,19,1,0
BRDA:157,20,0,0
BRDA:157,20,1,0
BRDA:166,21,0,0
BRDA:166,21,1,0
BRF:45
BRH:11
end_of_record
TN:
SF:src\stores\userStore.ts
FN:3,(anonymous_0)
FNF:1
FNH:0
FNDA:0,(anonymous_0)
DA:3,0
LF:1
LH:0
BRF:0
BRH:0
end_of_record
TN:
SF:src\utils\constants.ts
FNF:0
FNH:0
LF:0
LH:0
BRF:0
BRH:0
end_of_record
TN:
SF:src\utils\helpers.ts
FNF:0
FNH:0
LF:0
LH:0
BRF:0
BRH:0
end_of_record
TN:
SF:src\utils\validation.ts
FNF:0
FNH:0
DA:3,1
DA:8,1
LF:2
LH:2
BRF:0
BRH:0
end_of_record
